#
# There is insufficient memory for the Java Runtime Environment to continue.
# Native memory allocation (malloc) failed to allocate 1784656 bytes. Error detail: Chunk::new
# Possible reasons:
#   The system is out of physical RAM or swap space
#   This process is running with CompressedOops enabled, and the Java Heap may be blocking the growth of the native heap
# Possible solutions:
#   Reduce memory load on the system
#   Increase physical memory or swap space
#   Check if swap backing store is full
#   Decrease Java heap size (-Xmx/-Xms)
#   Decrease number of Java threads
#   Decrease Java thread stack sizes (-Xss)
#   Set larger code cache with -XX:ReservedCodeCacheSize=
#   JVM is running with Unscaled Compressed Oops mode in which the Java heap is
#     placed in the first 4GB address space. The Java Heap base address is the
#     maximum limit for the native heap growth. Please use -XX:HeapBaseMinAddress
#     to set the Java Heap base and to place the Java Heap above 4GB virtual address.
# This output file may be truncated or incomplete.
#
#  Out of Memory Error (arena.cpp:191), pid=11832, tid=33148
#
# JRE version: OpenJDK Runtime Environment JBR-17.0.12+1-1207.37-nomod (17.0.12+1) (build 17.0.12+1-b1207.37)
# Java VM: OpenJDK 64-Bit Server VM JBR-17.0.12+1-1207.37-nomod (17.0.12+1-b1207.37, mixed mode, sharing, tiered, compressed oops, compressed class ptrs, g1 gc, windows-amd64)
# No core dump will be written. Minidumps are not enabled by default on client versions of Windows
#

---------------  S U M M A R Y ------------

Command Line: -Dmaven.multiModuleProjectDirectory=C:\Users\PC\Downloads\fazii\fazii\fazii\oussamajavaaa -Djansi.passthrough=true -Dmaven.home=C:\Program Files\JetBrains\IntelliJ IDEA 2024.3.2\plugins\maven\lib\maven3 -Dclassworlds.conf=C:\Program Files\JetBrains\IntelliJ IDEA 2024.3.2\plugins\maven\lib\maven3\bin\m2.conf -Dmaven.ext.class.path=C:\Program Files\JetBrains\IntelliJ IDEA 2024.3.2\plugins\maven\lib\maven-event-listener.jar -javaagent:C:\Program Files\JetBrains\IntelliJ IDEA 2024.3.2\lib\idea_rt.jar=56791:C:\Program Files\JetBrains\IntelliJ IDEA 2024.3.2\bin -Dfile.encoding=UTF-8 org.codehaus.classworlds.Launcher -Didea.version=2024.3.2 org.openjfx:javafx-maven-plugin:0.0.8:run

Host: AMD Ryzen 5 5625U with Radeon Graphics         , 12 cores, 7G,  Windows 11 , 64 bit Build 26100 (10.0.26100.3775)
Time: Sun May 11 22:24:05 2025 Europe de l , 64 bit Build 26100 (10.0.26100.3775) elapsed time: 8.250576 seconds (0d 0h 0m 8s)

---------------  T H R E A D  ---------------

Current thread (0x0000025aa2d0aca0):  JavaThread "C2 CompilerThread0" daemon [_thread_in_native, id=33148, stack(0x00000080d7800000,0x00000080d7900000)]


Current CompileTask:
C2:   8250 7045   !   4       com.google.inject.spi.InjectionPoint::getInjectionPoints (491 bytes)

Stack: [0x00000080d7800000,0x00000080d7900000]
Native frames: (J=compiled Java code, j=interpreted, Vv=VM code, C=native code)
V  [jvm.dll+0x689d89]  public: static bool __cdecl os::platform_print_native_stack(class outputStream * __ptr64,void const * __ptr64,char * __ptr64,int,unsigned char * __ptr64 & __ptr64)+0xd9
V  [jvm.dll+0x84386a]  private: static void __cdecl VMError::report(class outputStream * __ptr64,bool)+0xc6a  (vmError.cpp:868)
V  [jvm.dll+0x8454ee]  VMError::report_and_die+0x78e  (vmError.cpp:1766)
V  [jvm.dll+0x845b53]  VMError::report_and_die+0x43  (vmError.cpp:1552)
V  [jvm.dll+0x24a56f]  report_vm_out_of_memory+0x8f  (debug.cpp:321)
V  [jvm.dll+0xac9e4]  Chunk::operator new+0xb4  (arena.cpp:191)
V  [jvm.dll+0xad02c]  Arena::grow+0x3c  (arena.cpp:352)
V  [jvm.dll+0x36a6f7]  PhaseIFG::init+0xf7  (ifg.cpp:52)
V  [jvm.dll+0x1be582]  PhaseChaitin::Register_Allocate+0x682  (chaitin.cpp:553)
V  [jvm.dll+0x21c109]  Compile::Code_Gen+0x3b9  (compile.cpp:2757)
V  [jvm.dll+0x21b3f1]  Compile::Compile+0xe61  (compile.cpp:836)
V  [jvm.dll+0x1a68ed]  C2Compiler::compile_method+0xad  (c2compiler.cpp:112)
V  [jvm.dll+0x22b2de]  CompileBroker::invoke_compiler_on_method+0x82e  (compileBroker.cpp:2366)
V  [jvm.dll+0x229445]  CompileBroker::compiler_thread_loop+0x405  (compileBroker.cpp:2027)
V  [jvm.dll+0x7f7917]  JavaThread::run+0x147  (thread.cpp:1299)
V  [jvm.dll+0x7f1cec]  Thread::call_run+0x8c  (thread.cpp:405)
V  [jvm.dll+0x688be7]  thread_native_entry+0x77  (os_windows.cpp:550)
C  [ucrtbase.dll+0x37b0]
C  [KERNEL32.DLL+0x2e8d7]
C  [ntdll.dll+0xb14fc]


---------------  P R O C E S S  ---------------

Threads class SMR info:
_java_thread_list=0x0000025aea965cc0, length=17, elements={
0x0000025a885e3c40, 0x0000025aa2cf5430, 0x0000025aa2cf7e00, 0x0000025aa2d081c0,
0x0000025aa2d08b80, 0x0000025aa2d09540, 0x0000025aa2d09f00, 0x0000025aa2d0aca0,
0x0000025aa2d0b750, 0x0000025aa2d21a70, 0x0000025ae8114590, 0x0000025ae8195780,
0x0000025ae8198d00, 0x0000025ae9145250, 0x0000025ae94499e0, 0x0000025ae9ec5a50,
0x0000025ae84d5fe0
}

Java Threads: ( => current thread )
  0x0000025a885e3c40 JavaThread "main" [_thread_in_native, id=11516, stack(0x00000080d6b00000,0x00000080d6c00000)]
  0x0000025aa2cf5430 JavaThread "Reference Handler" daemon [_thread_blocked, id=2292, stack(0x00000080d7200000,0x00000080d7300000)]
  0x0000025aa2cf7e00 JavaThread "Finalizer" daemon [_thread_blocked, id=15860, stack(0x00000080d7300000,0x00000080d7400000)]
  0x0000025aa2d081c0 JavaThread "Signal Dispatcher" daemon [_thread_blocked, id=15120, stack(0x00000080d7400000,0x00000080d7500000)]
  0x0000025aa2d08b80 JavaThread "Attach Listener" daemon [_thread_blocked, id=4532, stack(0x00000080d7500000,0x00000080d7600000)]
  0x0000025aa2d09540 JavaThread "Service Thread" daemon [_thread_blocked, id=33744, stack(0x00000080d7600000,0x00000080d7700000)]
  0x0000025aa2d09f00 JavaThread "Monitor Deflation Thread" daemon [_thread_blocked, id=29252, stack(0x00000080d7700000,0x00000080d7800000)]
=>0x0000025aa2d0aca0 JavaThread "C2 CompilerThread0" daemon [_thread_in_native, id=33148, stack(0x00000080d7800000,0x00000080d7900000)]
  0x0000025aa2d0b750 JavaThread "C1 CompilerThread0" daemon [_thread_blocked, id=27688, stack(0x00000080d7900000,0x00000080d7a00000)]
  0x0000025aa2d21a70 JavaThread "Sweeper thread" daemon [_thread_blocked, id=728, stack(0x00000080d7a00000,0x00000080d7b00000)]
  0x0000025ae8114590 JavaThread "Common-Cleaner" daemon [_thread_blocked, id=29544, stack(0x00000080d7b00000,0x00000080d7c00000)]
  0x0000025ae8195780 JavaThread "Monitor Ctrl-Break" daemon [_thread_in_native, id=21272, stack(0x00000080d7c00000,0x00000080d7d00000)]
  0x0000025ae8198d00 JavaThread "Notification Thread" daemon [_thread_blocked, id=14480, stack(0x00000080d7d00000,0x00000080d7e00000)]
  0x0000025ae9145250 JavaThread "Thread-1" daemon [_thread_blocked, id=25824, stack(0x00000080d8800000,0x00000080d8900000)]
  0x0000025ae94499e0 JavaThread "Exec Stream Pumper" daemon [_thread_in_native, id=33436, stack(0x00000080d8d00000,0x00000080d8e00000)]
  0x0000025ae9ec5a50 JavaThread "Exec Stream Pumper" daemon [_thread_in_native, id=32816, stack(0x00000080d8e00000,0x00000080d8f00000)]
  0x0000025ae84d5fe0 JavaThread "Exec Input Stream Pumper" daemon [_thread_blocked, id=18484, stack(0x00000080d8f00000,0x00000080d9000000)]

Other Threads:
  0x0000025aa2cf0a80 VMThread "VM Thread" [stack: 0x00000080d7100000,0x00000080d7200000] [id=17772]
  0x0000025ae8195c60 WatcherThread [stack: 0x00000080d7e00000,0x00000080d7f00000] [id=31704]
  0x0000025a8863c680 GCTaskThread "GC Thread#0" [stack: 0x00000080d6c00000,0x00000080d6d00000] [id=5764]
  0x0000025ae831c680 GCTaskThread "GC Thread#1" [stack: 0x00000080d8000000,0x00000080d8100000] [id=21384]
  0x0000025ae8c118e0 GCTaskThread "GC Thread#2" [stack: 0x00000080d8100000,0x00000080d8200000] [id=584]
  0x0000025ae8bd8d10 GCTaskThread "GC Thread#3" [stack: 0x00000080d8200000,0x00000080d8300000] [id=15256]
  0x0000025ae8bd8fd0 GCTaskThread "GC Thread#4" [stack: 0x00000080d8300000,0x00000080d8400000] [id=17184]
  0x0000025ae91e5f50 GCTaskThread "GC Thread#5" [stack: 0x00000080d8400000,0x00000080d8500000] [id=32988]
  0x0000025ae91e6210 GCTaskThread "GC Thread#6" [stack: 0x00000080d8500000,0x00000080d8600000] [id=19292]
  0x0000025ae8e9f250 GCTaskThread "GC Thread#7" [stack: 0x00000080d8600000,0x00000080d8700000] [id=5112]
  0x0000025ae8e96470 GCTaskThread "GC Thread#8" [stack: 0x00000080d8700000,0x00000080d8800000] [id=18700]
  0x0000025ae96acc70 GCTaskThread "GC Thread#9" [stack: 0x00000080d8900000,0x00000080d8a00000] [id=19132]
  0x0000025a8864cca0 ConcurrentGCThread "G1 Main Marker" [stack: 0x00000080d6d00000,0x00000080d6e00000] [id=31236]
  0x0000025a88650480 ConcurrentGCThread "G1 Conc#0" [stack: 0x00000080d6e00000,0x00000080d6f00000] [id=3056]
  0x0000025ae95f8470 ConcurrentGCThread "G1 Conc#1" [stack: 0x00000080d8a00000,0x00000080d8b00000] [id=26288]
  0x0000025ae975e5b0 ConcurrentGCThread "G1 Conc#2" [stack: 0x00000080d8b00000,0x00000080d8c00000] [id=28096]
  0x0000025a8869e480 ConcurrentGCThread "G1 Refine#0" [stack: 0x00000080d6f00000,0x00000080d7000000] [id=9592]
  0x0000025a8869ec50 ConcurrentGCThread "G1 Service" [stack: 0x00000080d7000000,0x00000080d7100000] [id=21352]

Threads with active compile tasks:
C2 CompilerThread0    31714 7045   !   4       com.google.inject.spi.InjectionPoint::getInjectionPoints (491 bytes)

VM state: not at safepoint (normal execution)

VM Mutex/Monitor currently owned by a thread: None

Heap address: 0x000000008b000000, size: 1872 MB, Compressed Oops mode: 32-bit

CDS archive(s) mapped at: [0x0000025aa3000000-0x0000025aa3c00000-0x0000025aa3c00000), size 12582912, SharedBaseAddress: 0x0000025aa3000000, ArchiveRelocationMode: 1.
Compressed class space mapped at: 0x0000025aa4000000-0x0000025ae4000000, reserved size: 1073741824
Narrow klass base: 0x0000025aa3000000, Narrow klass shift: 0, Narrow klass range: 0x100000000

GC Precious Log:
 CPUs: 12 total, 12 available
 Memory: 7487M
 Large Page Support: Disabled
 NUMA Support: Disabled
 Compressed Oops: Enabled (32-bit)
 Heap Region Size: 1M
 Heap Min Capacity: 8M
 Heap Initial Capacity: 118M
 Heap Max Capacity: 1872M
 Pre-touch: Disabled
 Parallel Workers: 10
 Concurrent Workers: 3
 Concurrent Refinement Workers: 10
 Periodic GC: Disabled

Heap:
 garbage-first heap   total 97280K, used 35655K [0x000000008b000000, 0x0000000100000000)
  region size 1024K, 10 young (10240K), 3 survivors (3072K)
 Metaspace       used 30859K, committed 31232K, reserved 1114112K
  class space    used 3699K, committed 3904K, reserved 1048576K

Heap Regions: E=young(eden), S=young(survivor), O=old, HS=humongous(starts), HC=humongous(continues), CS=collection set, F=free, OA=open archive, CA=closed archive, TAMS=top-at-mark-start (previous, next)
|   0|0x000000008b000000, 0x000000008b100000, 0x000000008b100000|100%| O|  |TAMS 0x000000008b100000, 0x000000008b000000| Untracked 
|   1|0x000000008b100000, 0x000000008b200000, 0x000000008b200000|100%| O|  |TAMS 0x000000008b200000, 0x000000008b100000| Untracked 
|   2|0x000000008b200000, 0x000000008b300000, 0x000000008b300000|100%| O|  |TAMS 0x000000008b300000, 0x000000008b200000| Untracked 
|   3|0x000000008b300000, 0x000000008b400000, 0x000000008b400000|100%| O|  |TAMS 0x000000008b3a3600, 0x000000008b300000| Untracked 
|   4|0x000000008b400000, 0x000000008b500000, 0x000000008b500000|100%| O|  |TAMS 0x000000008b400000, 0x000000008b400000| Untracked 
|   5|0x000000008b500000, 0x000000008b600000, 0x000000008b600000|100%| O|  |TAMS 0x000000008b500000, 0x000000008b500000| Untracked 
|   6|0x000000008b600000, 0x000000008b700000, 0x000000008b700000|100%| O|  |TAMS 0x000000008b600000, 0x000000008b600000| Untracked 
|   7|0x000000008b700000, 0x000000008b800000, 0x000000008b800000|100%| O|  |TAMS 0x000000008b700000, 0x000000008b700000| Untracked 
|   8|0x000000008b800000, 0x000000008b900000, 0x000000008b900000|100%| O|  |TAMS 0x000000008b800000, 0x000000008b800000| Untracked 
|   9|0x000000008b900000, 0x000000008ba00000, 0x000000008ba00000|100%| O|  |TAMS 0x000000008b900000, 0x000000008b900000| Untracked 
|  10|0x000000008ba00000, 0x000000008bb00000, 0x000000008bb00000|100%| O|  |TAMS 0x000000008ba00000, 0x000000008ba00000| Untracked 
|  11|0x000000008bb00000, 0x000000008bc00000, 0x000000008bc00000|100%| O|  |TAMS 0x000000008bb00000, 0x000000008bb00000| Untracked 
|  12|0x000000008bc00000, 0x000000008bd00000, 0x000000008bd00000|100%| O|  |TAMS 0x000000008bc00000, 0x000000008bc00000| Untracked 
|  13|0x000000008bd00000, 0x000000008be00000, 0x000000008be00000|100%| O|  |TAMS 0x000000008bd00000, 0x000000008bd00000| Untracked 
|  14|0x000000008be00000, 0x000000008bf00000, 0x000000008bf00000|100%| O|  |TAMS 0x000000008be00000, 0x000000008be00000| Untracked 
|  15|0x000000008bf00000, 0x000000008c000000, 0x000000008c000000|100%| O|  |TAMS 0x000000008bf00000, 0x000000008bf00000| Untracked 
|  16|0x000000008c000000, 0x000000008c100000, 0x000000008c100000|100%| O|  |TAMS 0x000000008c000000, 0x000000008c000000| Untracked 
|  17|0x000000008c100000, 0x000000008c200000, 0x000000008c200000|100%| O|  |TAMS 0x000000008c100000, 0x000000008c100000| Untracked 
|  18|0x000000008c200000, 0x000000008c300000, 0x000000008c300000|100%| O|  |TAMS 0x000000008c200000, 0x000000008c200000| Untracked 
|  19|0x000000008c300000, 0x000000008c400000, 0x000000008c400000|100%| O|  |TAMS 0x000000008c300000, 0x000000008c300000| Untracked 
|  20|0x000000008c400000, 0x000000008c500000, 0x000000008c500000|100%| O|  |TAMS 0x000000008c400000, 0x000000008c400000| Untracked 
|  21|0x000000008c500000, 0x000000008c600000, 0x000000008c600000|100%| O|  |TAMS 0x000000008c500000, 0x000000008c500000| Untracked 
|  22|0x000000008c600000, 0x000000008c700000, 0x000000008c700000|100%| O|  |TAMS 0x000000008c600000, 0x000000008c600000| Untracked 
|  23|0x000000008c700000, 0x000000008c800000, 0x000000008c800000|100%| O|  |TAMS 0x000000008c700000, 0x000000008c700000| Untracked 
|  24|0x000000008c800000, 0x000000008c900000, 0x000000008c900000|100%| O|  |TAMS 0x000000008c800000, 0x000000008c800000| Untracked 
|  25|0x000000008c900000, 0x000000008ca00000, 0x000000008ca00000|100%| O|  |TAMS 0x000000008c900000, 0x000000008c900000| Untracked 
|  26|0x000000008ca00000, 0x000000008ca53600, 0x000000008cb00000| 32%| O|  |TAMS 0x000000008ca00000, 0x000000008ca00000| Untracked 
|  27|0x000000008cb00000, 0x000000008cb00000, 0x000000008cc00000|  0%| F|  |TAMS 0x000000008cb00000, 0x000000008cb00000| Untracked 
|  28|0x000000008cc00000, 0x000000008cc00000, 0x000000008cd00000|  0%| F|  |TAMS 0x000000008cc00000, 0x000000008cc00000| Untracked 
|  29|0x000000008cd00000, 0x000000008cd00000, 0x000000008ce00000|  0%| F|  |TAMS 0x000000008cd00000, 0x000000008cd00000| Untracked 
|  30|0x000000008ce00000, 0x000000008ce00000, 0x000000008cf00000|  0%| F|  |TAMS 0x000000008ce00000, 0x000000008ce00000| Untracked 
|  31|0x000000008cf00000, 0x000000008cf00000, 0x000000008d000000|  0%| F|  |TAMS 0x000000008cf00000, 0x000000008cf00000| Untracked 
|  32|0x000000008d000000, 0x000000008d000000, 0x000000008d100000|  0%| F|  |TAMS 0x000000008d000000, 0x000000008d000000| Untracked 
|  33|0x000000008d100000, 0x000000008d100000, 0x000000008d200000|  0%| F|  |TAMS 0x000000008d100000, 0x000000008d100000| Untracked 
|  34|0x000000008d200000, 0x000000008d200000, 0x000000008d300000|  0%| F|  |TAMS 0x000000008d200000, 0x000000008d200000| Untracked 
|  35|0x000000008d300000, 0x000000008d300000, 0x000000008d400000|  0%| F|  |TAMS 0x000000008d300000, 0x000000008d300000| Untracked 
|  36|0x000000008d400000, 0x000000008d400000, 0x000000008d500000|  0%| F|  |TAMS 0x000000008d400000, 0x000000008d400000| Untracked 
|  37|0x000000008d500000, 0x000000008d500000, 0x000000008d600000|  0%| F|  |TAMS 0x000000008d500000, 0x000000008d500000| Untracked 
|  38|0x000000008d600000, 0x000000008d600000, 0x000000008d700000|  0%| F|  |TAMS 0x000000008d600000, 0x000000008d600000| Untracked 
|  39|0x000000008d700000, 0x000000008d700000, 0x000000008d800000|  0%| F|  |TAMS 0x000000008d700000, 0x000000008d700000| Untracked 
|  40|0x000000008d800000, 0x000000008d800000, 0x000000008d900000|  0%| F|  |TAMS 0x000000008d800000, 0x000000008d800000| Untracked 
|  41|0x000000008d900000, 0x000000008d900000, 0x000000008da00000|  0%| F|  |TAMS 0x000000008d900000, 0x000000008d900000| Untracked 
|  42|0x000000008da00000, 0x000000008da00000, 0x000000008db00000|  0%| F|  |TAMS 0x000000008da00000, 0x000000008da00000| Untracked 
|  43|0x000000008db00000, 0x000000008db00000, 0x000000008dc00000|  0%| F|  |TAMS 0x000000008db00000, 0x000000008db00000| Untracked 
|  44|0x000000008dc00000, 0x000000008dc00000, 0x000000008dd00000|  0%| F|  |TAMS 0x000000008dc00000, 0x000000008dc00000| Untracked 
|  45|0x000000008dd00000, 0x000000008dd00000, 0x000000008de00000|  0%| F|  |TAMS 0x000000008dd00000, 0x000000008dd00000| Untracked 
|  46|0x000000008de00000, 0x000000008de00000, 0x000000008df00000|  0%| F|  |TAMS 0x000000008de00000, 0x000000008de00000| Untracked 
|  47|0x000000008df00000, 0x000000008df7e940, 0x000000008e000000| 49%| S|CS|TAMS 0x000000008df00000, 0x000000008df00000| Complete 
|  48|0x000000008e000000, 0x000000008e100000, 0x000000008e100000|100%| S|CS|TAMS 0x000000008e000000, 0x000000008e000000| Complete 
|  49|0x000000008e100000, 0x000000008e100000, 0x000000008e200000|  0%| F|  |TAMS 0x000000008e100000, 0x000000008e100000| Untracked 
|  50|0x000000008e200000, 0x000000008e200000, 0x000000008e300000|  0%| F|  |TAMS 0x000000008e200000, 0x000000008e200000| Untracked 
|  51|0x000000008e300000, 0x000000008e300000, 0x000000008e400000|  0%| F|  |TAMS 0x000000008e300000, 0x000000008e300000| Untracked 
|  52|0x000000008e400000, 0x000000008e400000, 0x000000008e500000|  0%| F|  |TAMS 0x000000008e400000, 0x000000008e400000| Untracked 
|  53|0x000000008e500000, 0x000000008e500000, 0x000000008e600000|  0%| F|  |TAMS 0x000000008e500000, 0x000000008e500000| Untracked 
|  54|0x000000008e600000, 0x000000008e600000, 0x000000008e700000|  0%| F|  |TAMS 0x000000008e600000, 0x000000008e600000| Untracked 
|  55|0x000000008e700000, 0x000000008e800000, 0x000000008e800000|100%| S|CS|TAMS 0x000000008e700000, 0x000000008e700000| Complete 
|  56|0x000000008e800000, 0x000000008e800000, 0x000000008e900000|  0%| F|  |TAMS 0x000000008e800000, 0x000000008e800000| Untracked 
|  57|0x000000008e900000, 0x000000008e900000, 0x000000008ea00000|  0%| F|  |TAMS 0x000000008e900000, 0x000000008e900000| Untracked 
|  58|0x000000008ea00000, 0x000000008ea00000, 0x000000008eb00000|  0%| F|  |TAMS 0x000000008ea00000, 0x000000008ea00000| Untracked 
|  59|0x000000008eb00000, 0x000000008eb00000, 0x000000008ec00000|  0%| F|  |TAMS 0x000000008eb00000, 0x000000008eb00000| Untracked 
|  60|0x000000008ec00000, 0x000000008ec00000, 0x000000008ed00000|  0%| F|  |TAMS 0x000000008ec00000, 0x000000008ec00000| Untracked 
|  61|0x000000008ed00000, 0x000000008ed00000, 0x000000008ee00000|  0%| F|  |TAMS 0x000000008ed00000, 0x000000008ed00000| Untracked 
|  62|0x000000008ee00000, 0x000000008ee00000, 0x000000008ef00000|  0%| F|  |TAMS 0x000000008ee00000, 0x000000008ee00000| Untracked 
|  63|0x000000008ef00000, 0x000000008ef00000, 0x000000008f000000|  0%| F|  |TAMS 0x000000008ef00000, 0x000000008ef00000| Untracked 
|  64|0x000000008f000000, 0x000000008f000000, 0x000000008f100000|  0%| F|  |TAMS 0x000000008f000000, 0x000000008f000000| Untracked 
|  65|0x000000008f100000, 0x000000008f100000, 0x000000008f200000|  0%| F|  |TAMS 0x000000008f100000, 0x000000008f100000| Untracked 
|  66|0x000000008f200000, 0x000000008f200000, 0x000000008f300000|  0%| F|  |TAMS 0x000000008f200000, 0x000000008f200000| Untracked 
|  67|0x000000008f300000, 0x000000008f300000, 0x000000008f400000|  0%| F|  |TAMS 0x000000008f300000, 0x000000008f300000| Untracked 
|  68|0x000000008f400000, 0x000000008f400000, 0x000000008f500000|  0%| F|  |TAMS 0x000000008f400000, 0x000000008f400000| Untracked 
|  69|0x000000008f500000, 0x000000008f500000, 0x000000008f600000|  0%| F|  |TAMS 0x000000008f500000, 0x000000008f500000| Untracked 
|  70|0x000000008f600000, 0x000000008f600000, 0x000000008f700000|  0%| F|  |TAMS 0x000000008f600000, 0x000000008f600000| Untracked 
|  71|0x000000008f700000, 0x000000008f700000, 0x000000008f800000|  0%| F|  |TAMS 0x000000008f700000, 0x000000008f700000| Untracked 
|  72|0x000000008f800000, 0x000000008f800000, 0x000000008f900000|  0%| F|  |TAMS 0x000000008f800000, 0x000000008f800000| Untracked 
|  73|0x000000008f900000, 0x000000008f900000, 0x000000008fa00000|  0%| F|  |TAMS 0x000000008f900000, 0x000000008f900000| Untracked 
|  74|0x000000008fa00000, 0x000000008fa00000, 0x000000008fb00000|  0%| F|  |TAMS 0x000000008fa00000, 0x000000008fa00000| Untracked 
|  75|0x000000008fb00000, 0x000000008fb00000, 0x000000008fc00000|  0%| F|  |TAMS 0x000000008fb00000, 0x000000008fb00000| Untracked 
|  76|0x000000008fc00000, 0x000000008fc00000, 0x000000008fd00000|  0%| F|  |TAMS 0x000000008fc00000, 0x000000008fc00000| Untracked 
|  77|0x000000008fd00000, 0x000000008fd00000, 0x000000008fe00000|  0%| F|  |TAMS 0x000000008fd00000, 0x000000008fd00000| Untracked 
|  78|0x000000008fe00000, 0x000000008fe00000, 0x000000008ff00000|  0%| F|  |TAMS 0x000000008fe00000, 0x000000008fe00000| Untracked 
|  79|0x000000008ff00000, 0x000000008ff00000, 0x0000000090000000|  0%| F|  |TAMS 0x000000008ff00000, 0x000000008ff00000| Untracked 
|  80|0x0000000090000000, 0x0000000090000000, 0x0000000090100000|  0%| F|  |TAMS 0x0000000090000000, 0x0000000090000000| Untracked 
|  81|0x0000000090100000, 0x0000000090100000, 0x0000000090200000|  0%| F|  |TAMS 0x0000000090100000, 0x0000000090100000| Untracked 
|  82|0x0000000090200000, 0x0000000090200000, 0x0000000090300000|  0%| F|  |TAMS 0x0000000090200000, 0x0000000090200000| Untracked 
|  83|0x0000000090300000, 0x0000000090300000, 0x0000000090400000|  0%| F|  |TAMS 0x0000000090300000, 0x0000000090300000| Untracked 
|  84|0x0000000090400000, 0x0000000090400000, 0x0000000090500000|  0%| F|  |TAMS 0x0000000090400000, 0x0000000090400000| Untracked 
|  85|0x0000000090500000, 0x0000000090500000, 0x0000000090600000|  0%| F|  |TAMS 0x0000000090500000, 0x0000000090500000| Untracked 
|  86|0x0000000090600000, 0x0000000090600000, 0x0000000090700000|  0%| F|  |TAMS 0x0000000090600000, 0x0000000090600000| Untracked 
|  87|0x0000000090700000, 0x0000000090700000, 0x0000000090800000|  0%| F|  |TAMS 0x0000000090700000, 0x0000000090700000| Untracked 
|  88|0x0000000090800000, 0x0000000090864980, 0x0000000090900000| 39%| E|  |TAMS 0x0000000090800000, 0x0000000090800000| Complete 
|  89|0x0000000090900000, 0x0000000090a00000, 0x0000000090a00000|100%| E|CS|TAMS 0x0000000090900000, 0x0000000090900000| Complete 
|  90|0x0000000090a00000, 0x0000000090b00000, 0x0000000090b00000|100%| E|CS|TAMS 0x0000000090a00000, 0x0000000090a00000| Complete 
|  91|0x0000000090b00000, 0x0000000090c00000, 0x0000000090c00000|100%| E|CS|TAMS 0x0000000090b00000, 0x0000000090b00000| Complete 
| 100|0x0000000091400000, 0x0000000091500000, 0x0000000091500000|100%| E|CS|TAMS 0x0000000091400000, 0x0000000091400000| Complete 
| 101|0x0000000091500000, 0x0000000091600000, 0x0000000091600000|100%| E|CS|TAMS 0x0000000091500000, 0x0000000091500000| Complete 
| 117|0x0000000092500000, 0x0000000092600000, 0x0000000092600000|100%| E|CS|TAMS 0x0000000092500000, 0x0000000092500000| Complete 

Card table byte_map: [0x0000025a9bef0000,0x0000025a9c2a0000] _byte_map_base: 0x0000025a9ba98000

Marking Bits (Prev, Next): (CMBitMap*) 0x0000025a8863cce0, (CMBitMap*) 0x0000025a8863cca0
 Prev Bits: [0x0000025a9e390000, 0x0000025aa00d0000)
 Next Bits: [0x0000025a9c650000, 0x0000025a9e390000)

Polling page: 0x0000025a886a0000

Metaspace:

Usage:
  Non-class:     26.52 MB used.
      Class:      3.61 MB used.
       Both:     30.14 MB used.

Virtual space:
  Non-class space:       64.00 MB reserved,      26.69 MB ( 42%) committed,  1 nodes.
      Class space:        1.00 GB reserved,       3.81 MB ( <1%) committed,  1 nodes.
             Both:        1.06 GB reserved,      30.50 MB (  3%) committed. 

Chunk freelists:
   Non-Class:  4.98 MB
       Class:  12.06 MB
        Both:  17.04 MB

MaxMetaspaceSize: unlimited
CompressedClassSpaceSize: 1.00 GB
Initial GC threshold: 21.00 MB
Current GC threshold: 35.12 MB
CDS: on
MetaspaceReclaimPolicy: balanced
 - commit_granule_bytes: 65536.
 - commit_granule_words: 8192.
 - virtual_space_node_default_size: 8388608.
 - enlarge_chunks_in_place: 1.
 - new_chunks_are_fully_committed: 0.
 - uncommit_free_chunks: 1.
 - use_allocation_guard: 0.
 - handle_deallocations: 1.


Internal statistics:

num_allocs_failed_limit: 3.
num_arena_births: 186.
num_arena_deaths: 0.
num_vsnodes_births: 2.
num_vsnodes_deaths: 0.
num_space_committed: 488.
num_space_uncommitted: 0.
num_chunks_returned_to_freelist: 3.
num_chunks_taken_from_freelist: 1328.
num_chunk_merges: 3.
num_chunk_splits: 915.
num_chunks_enlarged: 713.
num_inconsistent_stats: 0.

CodeHeap 'non-profiled nmethods': size=120000Kb used=2810Kb max_used=2862Kb free=117189Kb
 bounds [0x0000025a93970000, 0x0000025a93c40000, 0x0000025a9aea0000]
CodeHeap 'profiled nmethods': size=120000Kb used=13408Kb max_used=14886Kb free=106591Kb
 bounds [0x0000025a8bea0000, 0x0000025a8cd30000, 0x0000025a933d0000]
CodeHeap 'non-nmethods': size=5760Kb used=1212Kb max_used=1257Kb free=4547Kb
 bounds [0x0000025a933d0000, 0x0000025a93640000, 0x0000025a93970000]
 total_blobs=6669 nmethods=6155 adapters=426
 compilation: enabled
              stopped_count=0, restarted_count=0
 full_count=0

Compilation events (20 events):
Event: 6.948 Thread 0x0000025aa2d0b750 7137       3       java.util.Hashtable::<init> (114 bytes)
Event: 6.948 Thread 0x0000025aa2d0b750 nmethod 7137 0x0000025a8c3e0d10 code [0x0000025a8c3e1060, 0x0000025a8c3e2198]
Event: 6.949 Thread 0x0000025ae99e6050 nmethod 7131 0x0000025a939d0310 code [0x0000025a939d04a0, 0x0000025a939d0e78]
Event: 6.949 Thread 0x0000025ae99e6050 7138       4       jdk.internal.org.objectweb.asm.SymbolTable::put (150 bytes)
Event: 6.949 Thread 0x0000025aa2d0b750 7139       3       java.lang.invoke.LambdaFormEditor$TransformKey::bval (26 bytes)
Event: 6.949 Thread 0x0000025aa2d0b750 nmethod 7139 0x0000025a8c232c90 code [0x0000025a8c232e20, 0x0000025a8c232f18]
Event: 6.950 Thread 0x0000025aa2d0b750 7140       3       java.lang.invoke.LambdaFormEditor$TransformKey::inRange (36 bytes)
Event: 6.950 Thread 0x0000025aa2d0b750 nmethod 7140 0x0000025a8c6b3f10 code [0x0000025a8c6b40a0, 0x0000025a8c6b41f8]
Event: 6.953 Thread 0x0000025aa2d0b750 7141       3       java.lang.ProcessEnvironment$NameComparator::compare (90 bytes)
Event: 6.954 Thread 0x0000025aa2d0b750 nmethod 7141 0x0000025a8c3a6910 code [0x0000025a8c3a6c20, 0x0000025a8c3a7f18]
Event: 6.954 Thread 0x0000025aa2d0b750 7142       3       java.lang.ProcessEnvironment$CheckedEntry::getKey (5 bytes)
Event: 6.954 Thread 0x0000025aa2d0b750 nmethod 7142 0x0000025a8c834710 code [0x0000025a8c8348c0, 0x0000025a8c834c08]
Event: 6.954 Thread 0x0000025aa2d0b750 7143       3       java.lang.ProcessEnvironment$CheckedEntry::getKey (13 bytes)
Event: 6.954 Thread 0x0000025aa2d0b750 nmethod 7143 0x0000025a8c835990 code [0x0000025a8c835b40, 0x0000025a8c835e08]
Event: 6.956 Thread 0x0000025ae99e6050 nmethod 7138 0x0000025a939cf610 code [0x0000025a939cf7a0, 0x0000025a939cffd8]
Event: 6.956 Thread 0x0000025ae99e6050 7133       4       java.lang.ref.Cleaner::register (25 bytes)
Event: 6.963 Thread 0x0000025aa2d0b750 7146       3       jdk.internal.org.objectweb.asm.Frame::execute (2305 bytes)
Event: 6.965 Thread 0x0000025ae99e6050 nmethod 7133 0x0000025a93a15210 code [0x0000025a93a153c0, 0x0000025a93a15f38]
Event: 6.967 Thread 0x0000025aa2d0b750 nmethod 7146 0x0000025a8c04a890 code [0x0000025a8c04b7c0, 0x0000025a8c052338]
Event: 6.974 Thread 0x0000025ae9f06950 nmethod 7134 0x0000025a939d4410 code [0x0000025a939d4680, 0x0000025a939d6a00]

GC Heap History (20 events):
Event: 1.884 GC heap before
{Heap before GC invocations=0 (full 0):
 garbage-first heap   total 120832K, used 22528K [0x000000008b000000, 0x0000000100000000)
  region size 1024K, 23 young (23552K), 0 survivors (0K)
 Metaspace       used 6020K, committed 6208K, reserved 1114112K
  class space    used 742K, committed 832K, reserved 1048576K
}
Event: 1.892 GC heap after
{Heap after GC invocations=1 (full 0):
 garbage-first heap   total 120832K, used 3712K [0x000000008b000000, 0x0000000100000000)
  region size 1024K, 3 young (3072K), 3 survivors (3072K)
 Metaspace       used 6020K, committed 6208K, reserved 1114112K
  class space    used 742K, committed 832K, reserved 1048576K
}
Event: 2.422 GC heap before
{Heap before GC invocations=1 (full 0):
 garbage-first heap   total 120832K, used 34432K [0x000000008b000000, 0x0000000100000000)
  region size 1024K, 33 young (33792K), 3 survivors (3072K)
 Metaspace       used 9812K, committed 9984K, reserved 1114112K
  class space    used 1229K, committed 1344K, reserved 1048576K
}
Event: 2.430 GC heap after
{Heap after GC invocations=2 (full 0):
 garbage-first heap   total 120832K, used 5289K [0x000000008b000000, 0x0000000100000000)
  region size 1024K, 2 young (2048K), 2 survivors (2048K)
 Metaspace       used 9812K, committed 9984K, reserved 1114112K
  class space    used 1229K, committed 1344K, reserved 1048576K
}
Event: 4.006 GC heap before
{Heap before GC invocations=2 (full 0):
 garbage-first heap   total 120832K, used 74921K [0x000000008b000000, 0x0000000100000000)
  region size 1024K, 70 young (71680K), 2 survivors (2048K)
 Metaspace       used 17749K, committed 17984K, reserved 1114112K
  class space    used 2189K, committed 2304K, reserved 1048576K
}
Event: 4.019 GC heap after
{Heap after GC invocations=3 (full 0):
 garbage-first heap   total 120832K, used 10715K [0x000000008b000000, 0x0000000100000000)
  region size 1024K, 7 young (7168K), 7 survivors (7168K)
 Metaspace       used 17749K, committed 17984K, reserved 1114112K
  class space    used 2189K, committed 2304K, reserved 1048576K
}
Event: 4.336 GC heap before
{Heap before GC invocations=3 (full 0):
 garbage-first heap   total 120832K, used 26075K [0x000000008b000000, 0x0000000100000000)
  region size 1024K, 23 young (23552K), 7 survivors (7168K)
 Metaspace       used 21318K, committed 21504K, reserved 1114112K
  class space    used 2653K, committed 2752K, reserved 1048576K
}
Event: 4.348 GC heap after
{Heap after GC invocations=4 (full 0):
 garbage-first heap   total 120832K, used 12016K [0x000000008b000000, 0x0000000100000000)
  region size 1024K, 2 young (2048K), 2 survivors (2048K)
 Metaspace       used 21318K, committed 21504K, reserved 1114112K
  class space    used 2653K, committed 2752K, reserved 1048576K
}
Event: 4.875 GC heap before
{Heap before GC invocations=5 (full 0):
 garbage-first heap   total 48128K, used 37616K [0x000000008b000000, 0x0000000100000000)
  region size 1024K, 28 young (28672K), 2 survivors (2048K)
 Metaspace       used 25982K, committed 26240K, reserved 1114112K
  class space    used 3176K, committed 3328K, reserved 1048576K
}
Event: 4.882 GC heap after
{Heap after GC invocations=6 (full 0):
 garbage-first heap   total 48128K, used 16624K [0x000000008b000000, 0x0000000100000000)
  region size 1024K, 4 young (4096K), 4 survivors (4096K)
 Metaspace       used 25982K, committed 26240K, reserved 1114112K
  class space    used 3176K, committed 3328K, reserved 1048576K
}
Event: 4.889 GC heap before
{Heap before GC invocations=6 (full 0):
 garbage-first heap   total 48128K, used 17648K [0x000000008b000000, 0x0000000100000000)
  region size 1024K, 5 young (5120K), 4 survivors (4096K)
 Metaspace       used 25988K, committed 26240K, reserved 1114112K
  class space    used 3176K, committed 3328K, reserved 1048576K
}
Event: 4.894 GC heap after
{Heap after GC invocations=7 (full 0):
 garbage-first heap   total 48128K, used 17349K [0x000000008b000000, 0x0000000100000000)
  region size 1024K, 1 young (1024K), 1 survivors (1024K)
 Metaspace       used 25988K, committed 26240K, reserved 1114112K
  class space    used 3176K, committed 3328K, reserved 1048576K
}
Event: 5.028 GC heap before
{Heap before GC invocations=7 (full 0):
 garbage-first heap   total 48128K, used 34757K [0x000000008b000000, 0x0000000100000000)
  region size 1024K, 18 young (18432K), 1 survivors (1024K)
 Metaspace       used 26500K, committed 26816K, reserved 1114112K
  class space    used 3240K, committed 3392K, reserved 1048576K
}
Event: 5.034 GC heap after
{Heap after GC invocations=8 (full 0):
 garbage-first heap   total 48128K, used 20783K [0x000000008b000000, 0x0000000100000000)
  region size 1024K, 3 young (3072K), 3 survivors (3072K)
 Metaspace       used 26500K, committed 26816K, reserved 1114112K
  class space    used 3240K, committed 3392K, reserved 1048576K
}
Event: 5.130 GC heap before
{Heap before GC invocations=8 (full 0):
 garbage-first heap   total 48128K, used 35119K [0x000000008b000000, 0x0000000100000000)
  region size 1024K, 17 young (17408K), 3 survivors (3072K)
 Metaspace       used 26764K, committed 27008K, reserved 1114112K
  class space    used 3244K, committed 3392K, reserved 1048576K
}
Event: 5.139 GC heap after
{Heap after GC invocations=9 (full 0):
 garbage-first heap   total 97280K, used 23782K [0x000000008b000000, 0x0000000100000000)
  region size 1024K, 3 young (3072K), 3 survivors (3072K)
 Metaspace       used 26764K, committed 27008K, reserved 1114112K
  class space    used 3244K, committed 3392K, reserved 1048576K
}
Event: 5.871 GC heap before
{Heap before GC invocations=9 (full 0):
 garbage-first heap   total 97280K, used 64742K [0x000000008b000000, 0x0000000100000000)
  region size 1024K, 43 young (44032K), 3 survivors (3072K)
 Metaspace       used 29204K, committed 29440K, reserved 1114112K
  class space    used 3485K, committed 3584K, reserved 1048576K
}
Event: 5.885 GC heap after
{Heap after GC invocations=10 (full 0):
 garbage-first heap   total 97280K, used 27232K [0x000000008b000000, 0x0000000100000000)
  region size 1024K, 6 young (6144K), 6 survivors (6144K)
 Metaspace       used 29204K, committed 29440K, reserved 1114112K
  class space    used 3485K, committed 3584K, reserved 1048576K
}
Event: 6.875 GC heap before
{Heap before GC invocations=10 (full 0):
 garbage-first heap   total 97280K, used 67168K [0x000000008b000000, 0x0000000100000000)
  region size 1024K, 45 young (46080K), 6 survivors (6144K)
 Metaspace       used 30224K, committed 30464K, reserved 1114112K
  class space    used 3596K, committed 3712K, reserved 1048576K
}
Event: 6.884 GC heap after
{Heap after GC invocations=11 (full 0):
 garbage-first heap   total 97280K, used 29511K [0x000000008b000000, 0x0000000100000000)
  region size 1024K, 3 young (3072K), 3 survivors (3072K)
 Metaspace       used 30224K, committed 30464K, reserved 1114112K
  class space    used 3596K, committed 3712K, reserved 1048576K
}

Dll operation events (4 events):
Event: 0.026 Loaded shared library C:\Users\PC\.jdks\jbr-17.0.12\bin\java.dll
Event: 0.069 Loaded shared library C:\Users\PC\.jdks\jbr-17.0.12\bin\jsvml.dll
Event: 0.194 Loaded shared library C:\Users\PC\.jdks\jbr-17.0.12\bin\zip.dll
Event: 1.288 Loaded shared library C:\Users\PC\.jdks\jbr-17.0.12\bin\verify.dll

Deoptimization events (20 events):
Event: 6.937 Thread 0x0000025a885e3c40 Uncommon trap: trap_request=0xffffffec fr.pc=0x0000025a93a37d9c relative=0x000000000000007c
Event: 6.937 Thread 0x0000025a885e3c40 Uncommon trap: reason=null_assert_or_unreached0 action=make_not_entrant pc=0x0000025a93a37d9c method=java.util.jar.JarFile.maybeInstantiateVerifier()V @ 4 c2
Event: 6.937 Thread 0x0000025a885e3c40 DEOPT PACKING pc=0x0000025a93a37d9c sp=0x00000080d6bfd2f0
Event: 6.937 Thread 0x0000025a885e3c40 DEOPT UNPACKING pc=0x0000025a934269a3 sp=0x00000080d6bfd280 mode 2
Event: 6.939 Thread 0x0000025a885e3c40 Uncommon trap: trap_request=0xffffff45 fr.pc=0x0000025a93a030d8 relative=0x0000000000000058
Event: 6.939 Thread 0x0000025a885e3c40 Uncommon trap: reason=unstable_if action=reinterpret pc=0x0000025a93a030d8 method=jdk.internal.module.ModuleReferenceImpl.hashCode()I @ 6 c2
Event: 6.939 Thread 0x0000025a885e3c40 DEOPT PACKING pc=0x0000025a93a030d8 sp=0x00000080d6bfd3c0
Event: 6.939 Thread 0x0000025a885e3c40 DEOPT UNPACKING pc=0x0000025a934269a3 sp=0x00000080d6bfd350 mode 2
Event: 6.953 Thread 0x0000025a885e3c40 Uncommon trap: trap_request=0xffffffbe fr.pc=0x0000025a93a64210 relative=0x0000000000001050
Event: 6.953 Thread 0x0000025a885e3c40 Uncommon trap: reason=profile_predicate action=maybe_recompile pc=0x0000025a93a64210 method=java.util.TimSort.binarySort([Ljava/lang/Object;IIILjava/util/Comparator;)V @ 34 c2
Event: 6.953 Thread 0x0000025a885e3c40 DEOPT PACKING pc=0x0000025a93a64210 sp=0x00000080d6bfd140
Event: 6.953 Thread 0x0000025a885e3c40 DEOPT UNPACKING pc=0x0000025a934269a3 sp=0x00000080d6bfd110 mode 2
Event: 6.953 Thread 0x0000025a885e3c40 Uncommon trap: trap_request=0xffffffbe fr.pc=0x0000025a93a64210 relative=0x0000000000001050
Event: 6.953 Thread 0x0000025a885e3c40 Uncommon trap: reason=profile_predicate action=maybe_recompile pc=0x0000025a93a64210 method=java.util.TimSort.binarySort([Ljava/lang/Object;IIILjava/util/Comparator;)V @ 34 c2
Event: 6.953 Thread 0x0000025a885e3c40 DEOPT PACKING pc=0x0000025a93a64210 sp=0x00000080d6bfd140
Event: 6.953 Thread 0x0000025a885e3c40 DEOPT UNPACKING pc=0x0000025a934269a3 sp=0x00000080d6bfd110 mode 2
Event: 6.962 Thread 0x0000025a885e3c40 Uncommon trap: trap_request=0xffffff45 fr.pc=0x0000025a93b44c10 relative=0x0000000000002030
Event: 6.962 Thread 0x0000025a885e3c40 Uncommon trap: reason=unstable_if action=reinterpret pc=0x0000025a93b44c10 method=jdk.internal.org.objectweb.asm.Frame.execute(IILjdk/internal/org/objectweb/asm/Symbol;Ljdk/internal/org/objectweb/asm/SymbolTable;)V @ 1 c2
Event: 6.962 Thread 0x0000025a885e3c40 DEOPT PACKING pc=0x0000025a93b44c10 sp=0x00000080d6bfb950
Event: 6.962 Thread 0x0000025a885e3c40 DEOPT UNPACKING pc=0x0000025a934269a3 sp=0x00000080d6bfb8e8 mode 2

Classes loaded (20 events):
Event: 6.963 Loading class java/lang/ProcessHandle done
Event: 6.964 Loading class java/lang/ProcessHandleImpl done
Event: 6.965 Loading class java/util/concurrent/Executors
Event: 6.967 Loading class java/util/concurrent/Executors done
Event: 6.967 Loading class java/util/concurrent/SynchronousQueue
Event: 6.968 Loading class java/util/concurrent/SynchronousQueue done
Event: 6.968 Loading class java/util/concurrent/SynchronousQueue$TransferStack
Event: 6.968 Loading class java/util/concurrent/SynchronousQueue$Transferer
Event: 6.968 Loading class java/util/concurrent/SynchronousQueue$Transferer done
Event: 6.968 Loading class java/util/concurrent/SynchronousQueue$TransferStack done
Event: 6.968 Loading class java/util/concurrent/SynchronousQueue$TransferStack$SNode
Event: 6.968 Loading class java/util/concurrent/SynchronousQueue$TransferStack$SNode done
Event: 6.968 Loading class java/lang/ProcessImpl$2
Event: 6.968 Loading class java/lang/ProcessImpl$2 done
Event: 6.968 Loading class java/lang/Process$PipeInputStream
Event: 6.968 Loading class java/lang/Process$PipeInputStream done
Event: 6.969 Loading class jdk/internal/event/ProcessStartEvent
Event: 6.969 Loading class jdk/internal/event/ProcessStartEvent done
Event: 6.970 Loading class java/io/PipedOutputStream
Event: 6.970 Loading class java/io/PipedOutputStream done

Classes unloaded (0 events):
No events

Classes redefined (0 events):
No events

Internal exceptions (20 events):
Event: 6.921 Thread 0x0000025a885e3c40 Exception <a 'sun/nio/fs/WindowsException'{0x0000000091473818}> (0x0000000091473818) 
thrown [s\src\hotspot\share\prims\jni.cpp, line 531]
Event: 6.921 Thread 0x0000025a885e3c40 Exception <a 'sun/nio/fs/WindowsException'{0x0000000091473aa8}> (0x0000000091473aa8) 
thrown [s\src\hotspot\share\prims\jni.cpp, line 531]
Event: 6.925 Thread 0x0000025a885e3c40 Exception <a 'sun/nio/fs/WindowsException'{0x0000000091493cd8}> (0x0000000091493cd8) 
thrown [s\src\hotspot\share\prims\jni.cpp, line 531]
Event: 6.925 Thread 0x0000025a885e3c40 Exception <a 'sun/nio/fs/WindowsException'{0x0000000091494008}> (0x0000000091494008) 
thrown [s\src\hotspot\share\prims\jni.cpp, line 531]
Event: 6.926 Thread 0x0000025a885e3c40 Exception <a 'sun/nio/fs/WindowsException'{0x0000000091499948}> (0x0000000091499948) 
thrown [s\src\hotspot\share\prims\jni.cpp, line 531]
Event: 6.926 Thread 0x0000025a885e3c40 Exception <a 'sun/nio/fs/WindowsException'{0x0000000091499c78}> (0x0000000091499c78) 
thrown [s\src\hotspot\share\prims\jni.cpp, line 531]
Event: 6.926 Thread 0x0000025a885e3c40 Exception <a 'sun/nio/fs/WindowsException'{0x000000009149b470}> (0x000000009149b470) 
thrown [s\src\hotspot\share\prims\jni.cpp, line 531]
Event: 6.926 Thread 0x0000025a885e3c40 Exception <a 'sun/nio/fs/WindowsException'{0x000000009149c1d8}> (0x000000009149c1d8) 
thrown [s\src\hotspot\share\prims\jni.cpp, line 531]
Event: 6.926 Thread 0x0000025a885e3c40 Exception <a 'sun/nio/fs/WindowsException'{0x000000009149cef8}> (0x000000009149cef8) 
thrown [s\src\hotspot\share\prims\jni.cpp, line 531]
Event: 6.927 Thread 0x0000025a885e3c40 Exception <a 'sun/nio/fs/WindowsException'{0x000000009149e088}> (0x000000009149e088) 
thrown [s\src\hotspot\share\prims\jni.cpp, line 531]
Event: 6.927 Thread 0x0000025a885e3c40 Exception <a 'sun/nio/fs/WindowsException'{0x000000009149edc0}> (0x000000009149edc0) 
thrown [s\src\hotspot\share\prims\jni.cpp, line 531]
Event: 6.927 Thread 0x0000025a885e3c40 Exception <a 'sun/nio/fs/WindowsException'{0x000000009149fb10}> (0x000000009149fb10) 
thrown [s\src\hotspot\share\prims\jni.cpp, line 531]
Event: 6.927 Thread 0x0000025a885e3c40 Exception <a 'sun/nio/fs/WindowsException'{0x00000000914a0850}> (0x00000000914a0850) 
thrown [s\src\hotspot\share\prims\jni.cpp, line 531]
Event: 6.927 Thread 0x0000025a885e3c40 Exception <a 'sun/nio/fs/WindowsException'{0x00000000914a1588}> (0x00000000914a1588) 
thrown [s\src\hotspot\share\prims\jni.cpp, line 531]
Event: 6.927 Thread 0x0000025a885e3c40 Exception <a 'sun/nio/fs/WindowsException'{0x00000000914a22c0}> (0x00000000914a22c0) 
thrown [s\src\hotspot\share\prims\jni.cpp, line 531]
Event: 6.962 Thread 0x0000025a885e3c40 Exception <a 'java/lang/NoSuchMethodError'{0x000000009095d2f8}: 'void java.lang.invoke.DirectMethodHandle$Holder.invokeStatic(java.lang.Object, long)'> (0x000000009095d2f8) 
thrown [s\src\hotspot\share\interpreter\linkResolver.cpp, line 771]
Event: 6.963 Thread 0x0000025a885e3c40 Exception <a 'java/lang/NoSuchMethodError'{0x0000000090962948}: 'java.lang.Object java.lang.invoke.DirectMethodHandle$Holder.newInvokeSpecial(java.lang.Object, long)'> (0x0000000090962948) 
thrown [s\src\hotspot\share\interpreter\linkResolver.cpp, line 771]
Event: 6.965 Thread 0x0000025a885e3c40 Exception <a 'java/lang/NoSuchMethodError'{0x000000009096d270}: 'java.lang.Object java.lang.invoke.DirectMethodHandle$Holder.invokeStaticInit(java.lang.Object, java.lang.Object, long, java.lang.Object)'> (0x000000009096d270) 
thrown [s\src\hotspot\share\interpreter\linkResolver.cpp, line 771]
Event: 6.965 Thread 0x0000025a885e3c40 Exception <a 'java/lang/NoSuchMethodError'{0x00000000909738b8}: 'java.lang.Object java.lang.invoke.DirectMethodHandle$Holder.newInvokeSpecial(java.lang.Object, java.lang.Object, long)'> (0x00000000909738b8) 
thrown [s\src\hotspot\share\interpreter\linkResolver.cpp, line 771]
Event: 6.965 Thread 0x0000025a885e3c40 Exception <a 'java/lang/NoSuchMethodError'{0x00000000909776d0}: 'java.lang.Object java.lang.invoke.Invokers$Holder.linkToTargetMethod(java.lang.Object, long, java.lang.Object)'> (0x00000000909776d0) 
thrown [s\src\hotspot\share\interpreter\linkResolver.cpp, line 771]

VM Operations (20 events):
Event: 6.421 Executing VM operation: HandshakeAllThreads
Event: 6.421 Executing VM operation: HandshakeAllThreads done
Event: 6.433 Executing VM operation: HandshakeAllThreads
Event: 6.433 Executing VM operation: HandshakeAllThreads done
Event: 6.444 Executing VM operation: HandshakeAllThreads
Event: 6.444 Executing VM operation: HandshakeAllThreads done
Event: 6.550 Executing VM operation: ICBufferFull
Event: 6.550 Executing VM operation: ICBufferFull done
Event: 6.857 Executing VM operation: HandshakeAllThreads
Event: 6.857 Executing VM operation: HandshakeAllThreads done
Event: 6.875 Executing VM operation: G1CollectForAllocation
Event: 6.884 Executing VM operation: G1CollectForAllocation done
Event: 6.887 Executing VM operation: HandshakeAllThreads
Event: 6.887 Executing VM operation: HandshakeAllThreads done
Event: 6.924 Executing VM operation: HandshakeAllThreads
Event: 6.924 Executing VM operation: HandshakeAllThreads done
Event: 6.969 Executing VM operation: HandshakeAllThreads
Event: 6.969 Executing VM operation: HandshakeAllThreads done
Event: 7.984 Executing VM operation: Cleanup
Event: 7.984 Executing VM operation: Cleanup done

Events (20 events):
Event: 6.451 Thread 0x0000025aa2d21a70 flushing nmethod 0x0000025a8c9dca10
Event: 6.451 Thread 0x0000025aa2d21a70 flushing nmethod 0x0000025a8c9dd890
Event: 6.451 Thread 0x0000025aa2d21a70 flushing nmethod 0x0000025a8c9f3890
Event: 6.451 Thread 0x0000025aa2d21a70 flushing nmethod 0x0000025a8ca0b210
Event: 6.451 Thread 0x0000025aa2d21a70 flushing nmethod 0x0000025a8ca3b010
Event: 6.451 Thread 0x0000025aa2d21a70 flushing nmethod 0x0000025a8ca3bd90
Event: 6.451 Thread 0x0000025aa2d21a70 flushing nmethod 0x0000025a8ca53310
Event: 6.452 Thread 0x0000025aa2d21a70 flushing nmethod 0x0000025a8ca65a90
Event: 6.452 Thread 0x0000025aa2d21a70 flushing nmethod 0x0000025a8ca8f810
Event: 6.452 Thread 0x0000025aa2d21a70 flushing nmethod 0x0000025a8cad0e10
Event: 6.452 Thread 0x0000025aa2d21a70 flushing nmethod 0x0000025a8caeb990
Event: 6.452 Thread 0x0000025aa2d21a70 flushing nmethod 0x0000025a8cb74790
Event: 6.452 Thread 0x0000025aa2d21a70 flushing nmethod 0x0000025a8cbff290
Event: 6.453 Thread 0x0000025aa2d21a70 flushing nmethod 0x0000025a8cc32c10
Event: 6.453 Thread 0x0000025aa2d21a70 flushing nmethod 0x0000025a8cc35710
Event: 6.555 Thread 0x0000025ae9f06950 Thread added: 0x0000025ae9f06950
Event: 6.908 Thread 0x0000025ae99e6050 Thread added: 0x0000025ae99e6050
Event: 6.970 Thread 0x0000025ae94499e0 Thread added: 0x0000025ae94499e0
Event: 6.970 Thread 0x0000025ae9ec5a50 Thread added: 0x0000025ae9ec5a50
Event: 6.970 Thread 0x0000025ae84d5fe0 Thread added: 0x0000025ae84d5fe0


Dynamic libraries:
0x00007ff6e4990000 - 0x00007ff6e499a000 	C:\Users\PC\.jdks\jbr-17.0.12\bin\java.exe
0x00007ff86c0a0000 - 0x00007ff86c300000 	C:\WINDOWS\SYSTEM32\ntdll.dll
0x00007ff86aab0000 - 0x00007ff86ab77000 	C:\WINDOWS\System32\KERNEL32.DLL
0x00007ff869720000 - 0x00007ff869aea000 	C:\WINDOWS\System32\KERNELBASE.dll
0x00007ff869450000 - 0x00007ff86959b000 	C:\WINDOWS\System32\ucrtbase.dll
0x00007ff840e50000 - 0x00007ff840e6b000 	C:\Users\PC\.jdks\jbr-17.0.12\bin\VCRUNTIME140.dll
0x00007ff845da0000 - 0x00007ff845db7000 	C:\Users\PC\.jdks\jbr-17.0.12\bin\jli.dll
0x00007ff86b420000 - 0x00007ff86b5ec000 	C:\WINDOWS\System32\USER32.dll
0x00007ff84d780000 - 0x00007ff84da17000 	C:\WINDOWS\WinSxS\amd64_microsoft.windows.common-controls_6595b64144ccf1df_6.0.26100.3624_none_3e086962e3345f24\COMCTL32.dll
0x00007ff869d00000 - 0x00007ff869d27000 	C:\WINDOWS\System32\win32u.dll
0x00007ff86ab80000 - 0x00007ff86ac29000 	C:\WINDOWS\System32\msvcrt.dll
0x00007ff86ac30000 - 0x00007ff86ac5a000 	C:\WINDOWS\System32\GDI32.dll
0x00007ff869280000 - 0x00007ff8693b1000 	C:\WINDOWS\System32\gdi32full.dll
0x00007ff869b90000 - 0x00007ff869c33000 	C:\WINDOWS\System32\msvcp_win.dll
0x00007ff86a8d0000 - 0x00007ff86a8ff000 	C:\WINDOWS\System32\IMM32.DLL
0x00007ff84d2f0000 - 0x00007ff84d2fc000 	C:\Users\PC\.jdks\jbr-17.0.12\bin\vcruntime140_1.dll
0x00007ff827410000 - 0x00007ff82749d000 	C:\Users\PC\.jdks\jbr-17.0.12\bin\msvcp140.dll
0x00007fffe6f60000 - 0x00007fffe7bea000 	C:\Users\PC\.jdks\jbr-17.0.12\bin\server\jvm.dll
0x00007ff86b270000 - 0x00007ff86b322000 	C:\WINDOWS\System32\ADVAPI32.dll
0x00007ff86a210000 - 0x00007ff86a2b6000 	C:\WINDOWS\System32\sechost.dll
0x00007ff86bf40000 - 0x00007ff86c056000 	C:\WINDOWS\System32\RPCRT4.dll
0x00007ff86bd20000 - 0x00007ff86bd94000 	C:\WINDOWS\System32\WS2_32.dll
0x00007ff8690d0000 - 0x00007ff86912e000 	C:\WINDOWS\SYSTEM32\POWRPROF.dll
0x00007ff8614c0000 - 0x00007ff8614f6000 	C:\WINDOWS\SYSTEM32\WINMM.dll
0x00007ff863250000 - 0x00007ff86325b000 	C:\WINDOWS\SYSTEM32\VERSION.dll
0x00007ff8690b0000 - 0x00007ff8690c4000 	C:\WINDOWS\SYSTEM32\UMPDC.dll
0x00007ff868050000 - 0x00007ff86806a000 	C:\WINDOWS\SYSTEM32\kernel.appcore.dll
0x00007ff84d0c0000 - 0x00007ff84d0ca000 	C:\Users\PC\.jdks\jbr-17.0.12\bin\jimage.dll
0x00007ff85d2b0000 - 0x00007ff85d4f1000 	C:\WINDOWS\SYSTEM32\DBGHELP.DLL
0x00007ff86a540000 - 0x00007ff86a8c2000 	C:\WINDOWS\System32\combase.dll
0x00007ff86a3a0000 - 0x00007ff86a476000 	C:\WINDOWS\System32\OLEAUT32.dll
0x00007ff84f060000 - 0x00007ff84f099000 	C:\WINDOWS\SYSTEM32\dbgcore.DLL
0x00007ff869af0000 - 0x00007ff869b89000 	C:\WINDOWS\System32\bcryptPrimitives.dll
0x00007ff8532f0000 - 0x00007ff8532fe000 	C:\Users\PC\.jdks\jbr-17.0.12\bin\instrument.dll
0x00007ff830600000 - 0x00007ff830625000 	C:\Users\PC\.jdks\jbr-17.0.12\bin\java.dll
0x00007ff827330000 - 0x00007ff827407000 	C:\Users\PC\.jdks\jbr-17.0.12\bin\jsvml.dll
0x00007ff86b5f0000 - 0x00007ff86bd19000 	C:\WINDOWS\System32\SHELL32.dll
0x00007ff869d30000 - 0x00007ff869e98000 	C:\WINDOWS\System32\wintypes.dll
0x00007ff866f00000 - 0x00007ff867752000 	C:\WINDOWS\SYSTEM32\windows.storage.dll
0x00007ff86ace0000 - 0x00007ff86adcd000 	C:\WINDOWS\System32\SHCORE.dll
0x00007ff86b3b0000 - 0x00007ff86b414000 	C:\WINDOWS\System32\shlwapi.dll
0x00007ff869190000 - 0x00007ff8691bf000 	C:\WINDOWS\SYSTEM32\profapi.dll
0x00007ff8405e0000 - 0x00007ff8405f8000 	C:\Users\PC\.jdks\jbr-17.0.12\bin\zip.dll
0x00007ff83e470000 - 0x00007ff83e489000 	C:\Users\PC\.jdks\jbr-17.0.12\bin\net.dll
0x00007ff862150000 - 0x00007ff86226d000 	C:\WINDOWS\SYSTEM32\WINHTTP.dll
0x00007ff868550000 - 0x00007ff8685ba000 	C:\WINDOWS\system32\mswsock.dll
0x00007ff83aa20000 - 0x00007ff83aa36000 	C:\Users\PC\.jdks\jbr-17.0.12\bin\nio.dll
0x00007ff852980000 - 0x00007ff85299a000 	C:\Program Files\JetBrains\IntelliJ IDEA 2024.3.2\bin\breakgen64.dll
0x00007ff85cf70000 - 0x00007ff85cf79000 	C:\Users\PC\.jdks\jbr-17.0.12\bin\extnet.dll
0x00007ff8482d0000 - 0x00007ff8482f4000 	C:\Users\PC\AppData\Local\Temp\jansi-2.4.1-abf7434118a664f8-jansi.dll
0x00007ff852420000 - 0x00007ff852430000 	C:\Users\PC\.jdks\jbr-17.0.12\bin\verify.dll
0x00007ff868170000 - 0x00007ff8681a5000 	C:\WINDOWS\SYSTEM32\ntmarta.dll

dbghelp: loaded successfully - version: 4.0.5 - missing functions: none
symbol engine: initialized successfully - sym options: 0x614 - pdb path: .;C:\Users\PC\.jdks\jbr-17.0.12\bin;C:\WINDOWS\SYSTEM32;C:\WINDOWS\WinSxS\amd64_microsoft.windows.common-controls_6595b64144ccf1df_6.0.26100.3624_none_3e086962e3345f24;C:\Users\PC\.jdks\jbr-17.0.12\bin\server;C:\Program Files\JetBrains\IntelliJ IDEA 2024.3.2\bin;C:\Users\PC\AppData\Local\Temp

VM Arguments:
jvm_args: -Dmaven.multiModuleProjectDirectory=C:\Users\PC\Downloads\fazii\fazii\fazii\oussamajavaaa -Djansi.passthrough=true -Dmaven.home=C:\Program Files\JetBrains\IntelliJ IDEA 2024.3.2\plugins\maven\lib\maven3 -Dclassworlds.conf=C:\Program Files\JetBrains\IntelliJ IDEA 2024.3.2\plugins\maven\lib\maven3\bin\m2.conf -Dmaven.ext.class.path=C:\Program Files\JetBrains\IntelliJ IDEA 2024.3.2\plugins\maven\lib\maven-event-listener.jar -javaagent:C:\Program Files\JetBrains\IntelliJ IDEA 2024.3.2\lib\idea_rt.jar=56791:C:\Program Files\JetBrains\IntelliJ IDEA 2024.3.2\bin -Dfile.encoding=UTF-8 
java_command: org.codehaus.classworlds.Launcher -Didea.version=2024.3.2 org.openjfx:javafx-maven-plugin:0.0.8:run
java_class_path (initial): C:\Program Files\JetBrains\IntelliJ IDEA 2024.3.2\plugins\maven\lib\maven3\boot\plexus-classworlds-2.8.0.jar;C:\Program Files\JetBrains\IntelliJ IDEA 2024.3.2\plugins\maven\lib\maven3\boot\plexus-classworlds.license
Launcher Type: SUN_STANDARD

[Global flags]
     intx CICompilerCount                          = 4                                         {product} {ergonomic}
     uint ConcGCThreads                            = 3                                         {product} {ergonomic}
     uint G1ConcRefinementThreads                  = 10                                        {product} {ergonomic}
   size_t G1HeapRegionSize                         = 1048576                                   {product} {ergonomic}
    uintx GCDrainStackTargetSize                   = 64                                        {product} {ergonomic}
   size_t InitialHeapSize                          = 123731968                                 {product} {ergonomic}
   size_t MarkStackSize                            = 4194304                                   {product} {ergonomic}
   size_t MaxHeapSize                              = 1962934272                                {product} {ergonomic}
   size_t MaxNewSize                               = 1177550848                                {product} {ergonomic}
   size_t MinHeapDeltaBytes                        = 1048576                                   {product} {ergonomic}
   size_t MinHeapSize                              = 8388608                                   {product} {ergonomic}
    uintx NonNMethodCodeHeapSize                   = 5839372                                {pd product} {ergonomic}
    uintx NonProfiledCodeHeapSize                  = 122909434                              {pd product} {ergonomic}
    uintx ProfiledCodeHeapSize                     = 122909434                              {pd product} {ergonomic}
    uintx ReservedCodeCacheSize                    = 251658240                              {pd product} {ergonomic}
     bool SegmentedCodeCache                       = true                                      {product} {ergonomic}
   size_t SoftMaxHeapSize                          = 1962934272                             {manageable} {ergonomic}
     bool UseCompressedClassPointers               = true                           {product lp64_product} {ergonomic}
     bool UseCompressedOops                        = true                           {product lp64_product} {ergonomic}
     bool UseG1GC                                  = true                                      {product} {ergonomic}
     bool UseLargePagesIndividualAllocation        = false                                  {pd product} {ergonomic}

Logging:
Log output configuration:
 #0: stdout all=warning uptime,level,tags
 #1: stderr all=off uptime,level,tags

Environment Variables:
PATH=C:\Users\PC\.jdks\jbr-17.0.12\bin;C:\oraclexe\app\oracle\product\11.2.0\server\bin;C:\Program Files (x86)\VMware\VMware Workstation\bin\;C:\WINDOWS\system32;C:\WINDOWS;C:\WINDOWS\System32\Wbem;C:\WINDOWS\System32\WindowsPowerShell\v1.0\;C:\WINDOWS\System32\OpenSSH\;C:\Program Files\Git\cmd;C:\Users\PC\AppData\Local\Microsoft\WindowsApps;C:\Users\PC\AppData\Local\Programs\Microsoft VS Code\bin;C:\Users\PC\AppData\Local\Programs\cursor\resources\app\bin
USERNAME=PC
OS=Windows_NT
PROCESSOR_IDENTIFIER=AMD64 Family 25 Model 80 Stepping 0, AuthenticAMD
TMP=C:\Users\PC\AppData\Local\Temp
TEMP=C:\Users\PC\AppData\Local\Temp



Periodic native trim disabled

JNI global refs:
JNI global refs: 16, weak refs: 0

JNI global refs memory usage: 843, weak refs: 209

Process memory usage:
Resident Set Size: 249172K (3% of 7667708K total physical memory with 398264K free physical memory)

OOME stack traces (most recent first):
Classloader memory used:
Loader org.codehaus.plexus.classworlds.realm.ClassRealm                                : 1839K
Loader jdk.internal.loader.ClassLoaders$AppClassLoader                                 : 1187K
Loader bootstrap                                                                       : 751K
Loader jdk.internal.loader.ClassLoaders$PlatformClassLoader                            : 63854B
Loader org.eclipse.sisu.space.CloningClassSpace$CloningClassLoader                     : 10564B
Loader jdk.internal.reflect.DelegatingClassLoader                                      : 6000B

Classes loaded by more than one classloader:
Class org.codehaus.plexus.util.StringUtils                                            : loaded 3 times (x 69B)
Class org.codehaus.plexus.util.MatchPatterns                                          : loaded 3 times (x 73B)
Class org.codehaus.plexus.util.DirectoryScanner                                       : loaded 2 times (x 113B)
Class org.codehaus.plexus.interpolation.BasicInterpolator                             : loaded 2 times (x 68B)
Class org.codehaus.plexus.languages.java.jpms.ResolvePathResult                       : loaded 2 times (x 74B)
Class org.codehaus.plexus.languages.java.jpms.LocationManager                         : loaded 2 times (x 72B)
Class org.codehaus.plexus.util.Scanner                                                : loaded 2 times (x 68B)
Class org.sonatype.plexus.components.cipher.PlexusCipherException                     : loaded 2 times (x 80B)
Class [Lorg.codehaus.plexus.util.MatchPattern;                                        : loaded 2 times (x 67B)
Class org.codehaus.plexus.interpolation.ValueSource                                   : loaded 2 times (x 68B)
Class org.codehaus.plexus.util.AbstractScanner                                        : loaded 2 times (x 98B)
Class org.codehaus.plexus.util.MatchPattern                                           : loaded 2 times (x 76B)
Class org.codehaus.plexus.languages.java.jpms.ResolvePathsRequest                     : loaded 2 times (x 80B)
Class org.sonatype.plexus.components.sec.dispatcher.DefaultSecDispatcher              : loaded 2 times (x 81B)
Class org.codehaus.plexus.interpolation.RecursionInterceptor                          : loaded 2 times (x 68B)
Class org.apache.maven.shared.utils.logging.MessageBuilder                            : loaded 2 times (x 68B)
Class org.apache.maven.shared.utils.logging.AnsiMessageBuilder                        : loaded 2 times (x 124B)
Class org.codehaus.plexus.languages.java.jpms.SourceModuleInfoParser                  : loaded 2 times (x 70B)
Class org.sonatype.plexus.components.sec.dispatcher.model.SettingsSecurity            : loaded 2 times (x 80B)
Class org.sonatype.plexus.components.cipher.PlexusCipher                              : loaded 2 times (x 68B)
Class org.sonatype.plexus.components.sec.dispatcher.SecDispatcher                     : loaded 2 times (x 68B)
Class [Lorg.apache.maven.shared.utils.logging.Style;                                  : loaded 2 times (x 67B)
Class org.codehaus.plexus.interpolation.PropertiesBasedValueSource                    : loaded 2 times (x 80B)
Class org.codehaus.plexus.interpolation.AbstractValueSource                           : loaded 2 times (x 80B)
Class org.sonatype.plexus.components.sec.dispatcher.SecDispatcherException            : loaded 2 times (x 80B)
Class org.codehaus.plexus.languages.java.jpms.JavaModuleDescriptor                    : loaded 2 times (x 76B)
Class org.codehaus.plexus.util.Os                                                     : loaded 2 times (x 75B)
Class org.apache.maven.shared.utils.logging.MessageUtils$1                            : loaded 2 times (x 85B)
Class org.apache.maven.shared.utils.logging.Style                                     : loaded 2 times (x 78B)
Class org.apache.maven.shared.utils.logging.LoggerLevelRenderer                       : loaded 2 times (x 68B)
Class org.codehaus.plexus.languages.java.jpms.ModuleInfoParser                        : loaded 2 times (x 68B)
Class org.codehaus.plexus.util.SelectorUtils                                          : loaded 2 times (x 69B)
Class org.sonatype.plexus.components.cipher.DefaultPlexusCipher                       : loaded 2 times (x 91B)
Class org.codehaus.plexus.languages.java.jpms.ManifestModuleNameExtractor             : loaded 2 times (x 73B)
Class org.codehaus.plexus.languages.java.jpms.ResolvePathRequest                      : loaded 2 times (x 74B)
Class org.codehaus.plexus.languages.java.jpms.ResolvePathsResult                      : loaded 2 times (x 80B)
Class org.apache.maven.shared.utils.logging.MessageUtils                              : loaded 2 times (x 69B)
Class org.codehaus.plexus.util.cli.CommandLineException                               : loaded 2 times (x 80B)
Class org.sonatype.plexus.components.cipher.PBECipher                                 : loaded 2 times (x 72B)
Class org.codehaus.plexus.interpolation.Interpolator                                  : loaded 2 times (x 68B)
Class org.codehaus.plexus.languages.java.jpms.ModuleNameExtractor                     : loaded 2 times (x 68B)


---------------  S Y S T E M  ---------------

OS:
 Windows 11 , 64 bit Build 26100 (10.0.26100.3775)
OS uptime: 20 days 7:51 hours
Hyper-V role detected

CPU: total 12 (initial active 12) (12 cores per cpu, 2 threads per core) family 25 model 80 stepping 0 microcode 0xa50000d, cx8, cmov, fxsr, ht, mmx, 3dnowpref, sse, sse2, sse3, ssse3, sse4a, sse4.1, sse4.2, popcnt, lzcnt, tsc, tscinvbit, avx, avx2, aes, erms, clmul, bmi1, bmi2, adx, sha, fma, vzeroupper, clflush, clflushopt, hv
Processor Information for processor 0
  Max Mhz: 2301, Current Mhz: 1798, Mhz Limit: 2301
Processor Information for processor 1
  Max Mhz: 2301, Current Mhz: 1798, Mhz Limit: 2301
Processor Information for processor 2
  Max Mhz: 2301, Current Mhz: 1798, Mhz Limit: 2301
Processor Information for processor 3
  Max Mhz: 2301, Current Mhz: 1798, Mhz Limit: 2301
Processor Information for processor 4
  Max Mhz: 2301, Current Mhz: 1798, Mhz Limit: 2301
Processor Information for processor 5
  Max Mhz: 2301, Current Mhz: 1798, Mhz Limit: 2301
Processor Information for processor 6
  Max Mhz: 2301, Current Mhz: 1798, Mhz Limit: 2301
Processor Information for processor 7
  Max Mhz: 2301, Current Mhz: 1798, Mhz Limit: 2301
Processor Information for processor 8
  Max Mhz: 2301, Current Mhz: 1798, Mhz Limit: 2301
Processor Information for processor 9
  Max Mhz: 2301, Current Mhz: 2301, Mhz Limit: 2301
Processor Information for processor 10
  Max Mhz: 2301, Current Mhz: 2301, Mhz Limit: 2301
Processor Information for processor 11
  Max Mhz: 2301, Current Mhz: 2301, Mhz Limit: 2301

Memory: 4k page, system-wide physical 7487M (388M free)
TotalPageFile size 30015M (AvailPageFile size 3M)
current process WorkingSet (physical memory assigned to process): 243M, peak: 243M
current process commit charge ("private bytes"): 287M, peak: 287M

vm_info: OpenJDK 64-Bit Server VM (17.0.12+1-b1207.37) for windows-amd64 JRE (17.0.12+1-b1207.37), built on 2024-09-25 by "builduser" with MS VC++ 16.10 / 16.11 (VS2019)

END.
